WARNING:root:Serie:SR17536 seems to be outdated
WARNING:root:Serie:SR17537 seems to be outdated
WARNING:root:Serie:SR17538 seems to be outdated
WARNING:root:Serie:SR17539 seems to be outdated
WARNING:root:Serie:SR17540 seems to be outdated
WARNING:root:Serie:737219 seems to be outdated
WARNING:root:Serie:737226 seems to be outdated
WARNING:root:Serie:737233 seems to be outdated
WARNING:root:Serie:737268 seems to be outdated
WARNING:root:Serie:SR16967 seems to be outdated
WARNING:root:Serie:444884 seems to be outdated
WARNING:root:Serie:SL136 seems to be outdated
WARNING:root:Serie:SL137 seems to be outdated
WARNING:root:Serie:SL138 seems to be outdated
WARNING:root:Serie:SL11136 seems to be outdated
WARNING:root:Serie:SL11137 seems to be outdated
WARNING:root:Serie:SL11138 seems to be outdated
WARNING:root:Serie:SL11139 seems to be outdated
WARNING:root:Serie:SL2829 seems to be outdated
WARNING:root:Serie:SL2830 seems to be outdated
WARNING:root:Serie:SL5113 seems to be outdated
WARNING:root:Serie:SL5114 seems to be outdated
WARNING:root:Serie:SL11298 seems to be outdated
WARNING:root:Serie:SL11295 seems to be outdated
WARNING:root:Serie:SL11439 seems to be outdated
WARNING:root:Serie:SL11453 seems to be outdated
WARNING:root:Serie:SL11432 seems to be outdated
WARNING:root:Serie:SL11426 seems to be outdated
WARNING:root:Serie:SR17449 seems to be outdated
WARNING:root:Serie:SR17450 seems to be outdated
WARNING:root:Serie:SR17451 seems to be outdated
WARNING:root:Serie:SR17452 seems to be outdated
WARNING:root:Serie:SR17453 seems to be outdated
WARNING:root:Serie:SR16882 seems to be outdated
WARNING:root:Serie:SR16894 seems to be outdated
WARNING:root:Serie:SR16906 seems to be outdated
WARNING:root:Serie:SR16918 seems to be outdated
WARNING:root:Serie:SR2761 seems to be outdated
WARNING:root:Serie:SR2768 seems to be outdated
WARNING:root:Serie:SR2775 seems to be outdated
WARNING:root:Serie:SR2782 seems to be outdated
WARNING:root:Serie:SF311408 seems to be outdated
WARNING:root:Serie:SF311418 seems to be outdated
WARNING:root:Serie:SF311433 seems to be outdated
WARNING:root:Serie:SF311438 seems to be outdated
WARNING:root:Serie:SF29652 seems to be outdated
WARNING:root:Serie:SF235719 seems to be outdated
WARNING:root:Serie:SF235716 seems to be outdated
WARNING:root:Serie:SF61745 seems to be outdated
WARNING:root:Serie:SR28 seems to be outdated
WARNING:root:Serie:SP12754 seems to be outdated
WARNING:root:Serie:SP12755 seems to be outdated
WARNING:root:Serie:SP12753 seems to be outdated
WARNING:root:Serie:673095 seems to be outdated
WARNING:root:Serie:673096 seems to be outdated
WARNING:root:Serie:673097 seems to be outdated
WARNING:root:Serie:673098 seems to be outdated
WARNING:root:Serie:673099 seems to be outdated
WARNING:root:Serie:673100 seems to be outdated
WARNING:root:Serie:SP1 seems to be outdated
WARNING:root:Serie:SP74625 seems to be outdated
WARNING:root:Serie:SP74626 seems to be outdated
WARNING:root:Serie:SP66540 seems to be outdated
WARNING:root:Serie:SP74627 seems to be outdated
WARNING:root:Serie:SP74628 seems to be outdated
WARNING:root:Serie:SP66542 seems to be outdated
WARNING:root:Serie:SP56339 seems to be outdated
WARNING:root:Serie:SP74629 seems to be outdated
WARNING:root:Serie:SP74630 seems to be outdated
WARNING:root:Serie:SP56337 seems to be outdated
WARNING:root:Serie:SP56385 seems to be outdated
WARNING:root:Serie:SP56386 seems to be outdated
WARNING:root:Serie:SP74631 seems to be outdated
WARNING:root:Serie:SP56373 seems to be outdated
WARNING:root:Serie:SP74640 seems to be outdated
WARNING:root:Serie:SF117754 seems to be outdated
WARNING:root:Serie:SF4774 seems to be outdated
WARNING:root:Serie:SF4801 seems to be outdated
