WARNING:root:Serie:SR17536 seems to be outdated
WARNING:root:Serie:SR17537 seems to be outdated
WARNING:root:Serie:SR17538 seems to be outdated
WARNING:root:Serie:SR17539 seems to be outdated
WARNING:root:Serie:SR17540 seems to be outdated
WARNING:root:Serie:737219 seems to be outdated
WARNING:root:Serie:737226 seems to be outdated
WARNING:root:Serie:737233 seems to be outdated
WARNING:root:Serie:737268 seems to be outdated
WARNING:root:Serie:444884 seems to be outdated
WARNING:root:Serie:SL11439 seems to be outdated
WARNING:root:Serie:SL11453 seems to be outdated
WARNING:root:Serie:SL11432 seems to be outdated
WARNING:root:Serie:SL11426 seems to be outdated
WARNING:root:Serie:SR17449 seems to be outdated
WARNING:root:Serie:SR17450 seems to be outdated
WARNING:root:Serie:SR17451 seems to be outdated
WARNING:root:Serie:SR17452 seems to be outdated
WARNING:root:Serie:SR17453 seems to be outdated
WARNING:root:Serie:SF311408 seems to be outdated
WARNING:root:Serie:SF311418 seems to be outdated
WARNING:root:Serie:SF311433 seems to be outdated
WARNING:root:Serie:SF311438 seems to be outdated
WARNING:root:Serie:SF235719 seems to be outdated
WARNING:root:Serie:SF235716 seems to be outdated
WARNING:root:Serie:SR28 seems to be outdated
WARNING:root:Serie:SP12754 seems to be outdated
WARNING:root:Serie:SP12755 seems to be outdated
WARNING:root:Serie:SP12753 seems to be outdated
WARNING:root:Serie:673095 seems to be outdated
WARNING:root:Serie:673096 seems to be outdated
WARNING:root:Serie:673097 seems to be outdated
WARNING:root:Serie:673098 seems to be outdated
WARNING:root:Serie:673099 seems to be outdated
WARNING:root:Serie:673100 seems to be outdated
WARNING:root:Serie:SF117754 seems to be outdated
WARNING:root:Serie:SF4774 seems to be outdated
WARNING:root:Serie:SF4801 seems to be outdated
WARNING:root:Serie:736181 seems to be outdated
